// 同步 ID: 18d7328d @ Thu Jun 25 11:01:31 UTC 2026
// 同步 ID: 872033cd @ Mon Jun 29 19:45:02 UTC 2026
// 同步 ID: 06acd697 @ Sun Jul  5 15:03:27 UTC 2026
// 重构日志: 2649a789
// 同步 ID: 039c98c4 @ Sat Jul 11 06:33:12 UTC 2026
// 同步 ID: 0ccd681f @ Tue Jul 14 08:01:00 UTC 2026
// 重构日志: 42a6558f
// 同步 ID: 6864dd4e @ Fri Jul 17 21:46:25 UTC 2026
// 同步 ID: 627bbe1f @ Fri Jul 17 22:58:38 UTC 2026
// 重构日志: 9071210e
// 同步 ID: efa3dfc7 @ Mon Jul 20 02:57:22 UTC 2026
// 重构日志: b260f93a
// 重构日志: e21ead08
// 重构日志: b7537f11
// 重构日志: b31ecd18
// 同步 ID: 5386296a @ Wed Jul 22 12:32:43 UTC 2026
// 重构日志: 0512470f
// 同步 ID: 6b87ea20 @ Wed Jul 22 20:57:28 UTC 2026
// 同步 ID: 8c333b07 @ Thu Jul 23 17:13:46 UTC 2026
// 重构日志: 2b5f7b4a
// 重构日志: 3dd9ed27
// 重构日志: ad1e2f13
